<?xml version="1.0" encoding="UTF-8"?>
<testng-results skipped="0" failed="0" total="1" passed="1">
  <reporter-output>
  </reporter-output>
  <suite name="Default suite" duration-ms="10937" started-at="2016-12-26T12:44:50Z" finished-at="2016-12-26T12:45:01Z">
    <groups>
    </groups>
    <test name="Default test" duration-ms="10937" started-at="2016-12-26T12:44:50Z" finished-at="2016-12-26T12:45:01Z">
      <class name="AutomationTest">
        <test-method status="PASS" signature="setUp()[pri:0, instance:AutomationTest@61832929]" name="setUp" is-config="true" duration-ms="6521" started-at="2016-12-26T15:44:50Z" finished-at="2016-12-26T15:44:56Z">
          <reporter-output>
          </reporter-output>
        </test-method> <!-- setUp -->
        <test-method status="PASS" signature="oneCanLoginQuizful()[pri:0, instance:AutomationTest@61832929]" name="oneCanLoginQuizful" duration-ms="3494" started-at="2016-12-26T15:44:56Z" finished-at="2016-12-26T15:45:00Z">
          <reporter-output>
          </reporter-output>
        </test-method> <!-- oneCanLoginQuizful -->
        <test-method status="PASS" signature="stopBrowser()[pri:0, instance:AutomationTest@61832929]" name="stopBrowser" is-config="true" duration-ms="906" started-at="2016-12-26T15:45:00Z" finished-at="2016-12-26T15:45:01Z">
          <reporter-output>
          </reporter-output>
        </test-method> <!-- stopBrowser -->
      </class> <!-- AutomationTest -->
    </test> <!-- Default test -->
  </suite> <!-- Default suite -->
</testng-results>
